  [1m[35m (771.0ms)[0m  [1m[35mCREATE DATABASE "backend_clicktrip_development" ENCODING = 'unicode'[0m
  [1m[35m (220.6ms)[0m  [1m[35mCREATE DATABASE "backend_clicktrip_test" ENCODING = 'unicode'[0m
  [1m[35m (75.7ms)[0m  [1m[35mCREATE TABLE "schema_migrations" ("version" character varying NOT NULL PRIMARY KEY)[0m
  [1m[35m (22.0ms)[0m  [1m[35mCREATE TABLE "ar_internal_metadata" ("key" character varying NOT NULL PRIMARY KEY, "value" character varying, "created_at" timestamp(6) NOT NULL, "updated_at" timestamp(6) NOT NULL)[0m
  [1m[35m (0.6ms)[0m  [1m[34mSELECT pg_try_advisory_lock(3416550378801452235)[0m
  [1m[35m (0.9ms)[0m  [1m[34mSELECT "schema_migrations"."version" FROM "schema_migrations" ORDER BY "schema_migrations"."version" ASC[0m
Migrating to CreateUsers (20200401214818)
  [1m[35m (0.2ms)[0m  [1m[35mBEGIN[0m
  [1m[35m (22.9ms)[0m  [1m[35mCREATE TABLE "users" ("id" bigserial primary key, "username" character varying, "password_digest" character varying, "firstname" character varying, "lastname" character varying, "email" character varying, "home_town" character varying, "home_iata" character varying, "created_at" timestamp(6) NOT NULL, "updated_at" timestamp(6) NOT NULL)[0m
  [1m[36mprimary::SchemaMigration Create (0.9ms)[0m  [1m[32mINSERT INTO "schema_migrations" ("version") VALUES ($1) RETURNING "version"[0m  [["version", "20200401214818"]]
  [1m[35m (0.4ms)[0m  [1m[35mCOMMIT[0m
Migrating to CreateTrips (20200401215002)
  [1m[35m (5.7ms)[0m  [1m[35mBEGIN[0m
  [1m[35m (23.7ms)[0m  [1m[35mCREATE TABLE "trips" ("id" bigserial primary key, "user_id" integer, "num_people" integer, "start_date" date, "end_date" date, "origin_city_name" character varying, "origin_city_iata" character varying, "destination_city_name" character varying, "destination_city_iata" character varying, "budget" integer, "created_at" timestamp(6) NOT NULL, "updated_at" timestamp(6) NOT NULL)[0m
  [1m[36mprimary::SchemaMigration Create (0.3ms)[0m  [1m[32mINSERT INTO "schema_migrations" ("version") VALUES ($1) RETURNING "version"[0m  [["version", "20200401215002"]]
  [1m[35m (0.5ms)[0m  [1m[35mCOMMIT[0m
Migrating to CreateFlights (20200401215146)
  [1m[35m (11.1ms)[0m  [1m[35mBEGIN[0m
  [1m[35m (13.7ms)[0m  [1m[35mCREATE TABLE "flights" ("id" bigserial primary key, "departure_airport" character varying, "departure_time" time, "departure_date" date, "arrival_airport" character varying, "arrival_time" time, "arrival_date" date, "airline" character varying, "flight_num" character varying, "num_stops" integer, "created_at" timestamp(6) NOT NULL, "updated_at" timestamp(6) NOT NULL)[0m
  [1m[36mprimary::SchemaMigration Create (0.4ms)[0m  [1m[32mINSERT INTO "schema_migrations" ("version") VALUES ($1) RETURNING "version"[0m  [["version", "20200401215146"]]
  [1m[35m (3.1ms)[0m  [1m[35mCOMMIT[0m
Migrating to CreateHotels (20200401215224)
  [1m[35m (7.6ms)[0m  [1m[35mBEGIN[0m
  [1m[35m (16.7ms)[0m  [1m[35mCREATE TABLE "hotels" ("id" bigserial primary key, "lat" float, "long" float, "address" character varying, "company" character varying, "created_at" timestamp(6) NOT NULL, "updated_at" timestamp(6) NOT NULL)[0m
  [1m[36mprimary::SchemaMigration Create (0.6ms)[0m  [1m[32mINSERT INTO "schema_migrations" ("version") VALUES ($1) RETURNING "version"[0m  [["version", "20200401215224"]]
  [1m[35m (0.5ms)[0m  [1m[35mCOMMIT[0m
Migrating to CreateActivities (20200401215303)
  [1m[35m (8.0ms)[0m  [1m[35mBEGIN[0m
  [1m[35m (17.5ms)[0m  [1m[35mCREATE TABLE "activities" ("id" bigserial primary key, "lat" float, "long" float, "city" character varying, "name" character varying, "type" character varying, "open_time" time, "close_time" time, "created_at" timestamp(6) NOT NULL, "updated_at" timestamp(6) NOT NULL)[0m
  [1m[36mprimary::SchemaMigration Create (0.3ms)[0m  [1m[32mINSERT INTO "schema_migrations" ("version") VALUES ($1) RETURNING "version"[0m  [["version", "20200401215303"]]
  [1m[35m (0.5ms)[0m  [1m[35mCOMMIT[0m
Migrating to CreateFlightBookings (20200401215513)
  [1m[35m (6.1ms)[0m  [1m[35mBEGIN[0m
  [1m[35m (3.8ms)[0m  [1m[35mCREATE TABLE "flight_bookings" ("id" bigserial primary key, "trip_id" integer, "flight_id" integer, "num_people" integer, "price" float, "created_at" timestamp(6) NOT NULL, "updated_at" timestamp(6) NOT NULL)[0m
  [1m[36mprimary::SchemaMigration Create (1.9ms)[0m  [1m[32mINSERT INTO "schema_migrations" ("version") VALUES ($1) RETURNING "version"[0m  [["version", "20200401215513"]]
  [1m[35m (7.0ms)[0m  [1m[35mCOMMIT[0m
Migrating to CreateHotelBookings (20200401215544)
  [1m[35m (0.4ms)[0m  [1m[35mBEGIN[0m
  [1m[35m (2.8ms)[0m  [1m[35mCREATE TABLE "hotel_bookings" ("id" bigserial primary key, "trip_id" integer, "hotel_id" integer, "num_people" integer, "price" float, "check_in" date, "check_out" date, "created_at" timestamp(6) NOT NULL, "updated_at" timestamp(6) NOT NULL)[0m
  [1m[36mprimary::SchemaMigration Create (0.3ms)[0m  [1m[32mINSERT INTO "schema_migrations" ("version") VALUES ($1) RETURNING "version"[0m  [["version", "20200401215544"]]
  [1m[35m (0.6ms)[0m  [1m[35mCOMMIT[0m
Migrating to CreateActivityBookings (20200401215625)
  [1m[35m (6.2ms)[0m  [1m[35mBEGIN[0m
  [1m[35m (14.2ms)[0m  [1m[35mCREATE TABLE "activity_bookings" ("id" bigserial primary key, "trip_id" integer, "activity_id" integer, "num_people" integer, "date" date, "price" float, "created_at" timestamp(6) NOT NULL, "updated_at" timestamp(6) NOT NULL)[0m
  [1m[36mprimary::SchemaMigration Create (0.7ms)[0m  [1m[32mINSERT INTO "schema_migrations" ("version") VALUES ($1) RETURNING "version"[0m  [["version", "20200401215625"]]
  [1m[35m (0.6ms)[0m  [1m[35mCOMMIT[0m
  [1m[36mActiveRecord::InternalMetadata Load (0.5ms)[0m  [1m[34mSELECT "ar_internal_metadata".* FROM "ar_internal_metadata" WHERE "ar_internal_metadata"."key" = $1 LIMIT $2[0m  [["key", "environment"], ["LIMIT", 1]]
  [1m[35m (0.5ms)[0m  [1m[35mBEGIN[0m
  [1m[36mActiveRecord::InternalMetadata Create (2.2ms)[0m  [1m[32mINSERT INTO "ar_internal_metadata" ("key", "value", "created_at", "updated_at") VALUES ($1, $2, $3, $4) RETURNING "key"[0m  [["key", "environment"], ["value", "development"], ["created_at", "2020-04-01 21:57:33.795139"], ["updated_at", "2020-04-01 21:57:33.795139"]]
  [1m[35m (6.1ms)[0m  [1m[35mCOMMIT[0m
  [1m[35m (0.4ms)[0m  [1m[34mSELECT pg_advisory_unlock(3416550378801452235)[0m
  [1m[35m (0.8ms)[0m  [1m[34mSELECT "schema_migrations"."version" FROM "schema_migrations" ORDER BY "schema_migrations"."version" ASC[0m
